<?xml version="1.0" encoding="UTF-8"?>
<!-- Generated by org.testng.reporters.JUnitReportReporter -->
<testsuite skipped="0" hostname="DESKTOP-IK5KFKI" name="test.DepartTest" tests="3" failures="0" timestamp="2020-02-25T14:09:43 ICT" time="18.180" errors="0">
  <testcase name="insertDepartTest" time="3.030" classname="test.DepartTest"/>
  <testcase name="updateDepartTest" time="8.075" classname="test.DepartTest"/>
  <testcase name="deleteDepartTest" time="7.075" classname="test.DepartTest"/>
</testsuite> <!-- test.DepartTest -->
