<?xml version="1.0" encoding="UTF-8"?>
<!-- Generated by org.testng.reporters.JUnitReportReporter -->
<testsuite skipped="0" hostname="DESKTOP-IK5KFKI" name="test.StaffTest" tests="1" failures="0" timestamp="2020-02-25T14:11:13 ICT" time="26.030" errors="0">
  <testcase name="insertStaffTest" time="26.030" classname="test.StaffTest"/>
</testsuite> <!-- test.StaffTest -->
