<?xml version="1.0" encoding="UTF-8"?>
<!-- Generated by org.testng.reporters.JUnitReportReporter -->
<testsuite skipped="0" hostname="DESKTOP-IK5KFKI" name="test.LoginTest" tests="1" failures="0" timestamp="2020-02-18T21:00:59 ICT" time="1.701" errors="0">
  <testcase name="loginTest" time="1.701" classname="test.LoginTest"/>
</testsuite> <!-- test.LoginTest -->
